<?xml version="1.0" encoding="UTF-8"?>
<!-- Generated by org.testng.reporters.JUnitReportReporter -->
<testsuite skipped="0" hostname="STaskar" name="cucumberOptions.TestngTestRunner" tests="2" failures="1" timestamp="2022-05-26T17:45:41 EDT" time="20.486" errors="0">
  <testcase name="runScenario" time="10.236" classname="cucumberOptions.TestngTestRunner"/>
  <system-out/>
  <testcase name="runScenario" time="10.250" classname="cucumberOptions.TestngTestRunner">
    <failure type="java.lang.AssertionError" message="expected [Beetroot] but found [No data]">
      <![CDATA[java.lang.AssertionError: expected [Beetroot] but found [No data]
at org.testng.Assert.fail(Assert.java:110)
at org.testng.Assert.failNotEquals(Assert.java:1413)
at org.testng.Assert.assertEqualsImpl(Assert.java:149)
at org.testng.Assert.assertEquals(Assert.java:131)
at org.testng.Assert.assertEquals(Assert.java:655)
at org.testng.Assert.assertEquals(Assert.java:665)
at stepDefinations.OfferPageStepDefination.Validate_Product_name_in_offer_page_matches_with_Landing_page(OfferPageStepDefination.java:31)
at ✽.Validate Product name in offer page matches with Landing page(file:///D:/My%20Stuff/Saily%20Course/Selenium/Study%20Material/Selenium_Rahul/Rahul_Workspace/CucumberFramework/src/test/java/features/searchProduct.feature:7)
]]>
    </failure>
  </testcase> <!-- runScenario -->
  <system-out/>
</testsuite> <!-- cucumberOptions.TestngTestRunner -->
